# JRE version: OpenJDK Runtime Environment (8.0_76-b03) (build 1.8.0_76-release-b03)
# Java VM: OpenJDK 64-Bit Server VM (25.76-b03 mixed mode windows-amd64 compressed oops)
Heap:
 PSYoungGen      total 38400K, used 11037K [0x00000000eab00000, 0x00000000ef080000, 0x0000000100000000)
  eden space 33280K, 17% used [0x00000000eab00000,0x00000000eb0c9e40,0x00000000ecb80000)
  from space 5120K, 99% used [0x00000000ecb80000,0x00000000ed07d6e0,0x00000000ed080000)
  to   space 11264K, 0% used [0x00000000ee580000,0x00000000ee580000,0x00000000ef080000)
 ParOldGen       total 68096K, used 9992K [0x00000000c0000000, 0x00000000c4280000, 0x00000000eab00000)
  object space 68096K, 14% used [0x00000000c0000000,0x00000000c09c2198,0x00000000c4280000)
 Metaspace       used 24701K, capacity 25120K, committed 25344K, reserved 1071104K
  class space    used 3323K, capacity 3460K, committed 3584K, reserved 1048576K
GC Heap History (10 events):
Event: 5.287 GC heap before
{Heap before GC invocations=2 (full 0):
 PSYoungGen      total 38400K, used 37983K [0x00000000eab00000, 0x00000000ed580000, 0x0000000100000000)
  eden space 33280K, 100% used [0x00000000eab00000,0x00000000ecb80000,0x00000000ecb80000)
  from space 5120K, 91% used [0x00000000ecb80000,0x00000000ed017c60,0x00000000ed080000)
  to   space 5120K, 0% used [0x00000000ed080000,0x00000000ed080000,0x00000000ed580000)
 ParOldGen       total 87552K, used 8K [0x00000000c0000000, 0x00000000c5580000, 0x00000000eab00000)
  object space 87552K, 0% used [0x00000000c0000000,0x00000000c0002000,0x00000000c5580000)
 Metaspace       used 13066K, capacity 13418K, committed 13696K, reserved 1060864K
  class space    used 1726K, capacity 1840K, committed 1920K, reserved 1048576K
Event: 5.306 GC heap after
Heap after GC invocations=2 (full 0):
 PSYoungGen      total 38400K, used 5100K [0x00000000eab00000, 0x00000000ed580000, 0x0000000100000000)
  eden space 33280K, 0% used [0x00000000eab00000,0x00000000eab00000,0x00000000ecb80000)
  from space 5120K, 99% used [0x00000000ed080000,0x00000000ed57b070,0x00000000ed580000)
  to   space 5120K, 0% used [0x00000000ecb80000,0x00000000ecb80000,0x00000000ed080000)
 ParOldGen       total 87552K, used 1211K [0x00000000c0000000, 0x00000000c5580000, 0x00000000eab00000)
  object space 87552K, 1% used [0x00000000c0000000,0x00000000c012ee48,0x00000000c5580000)
 Metaspace       used 13066K, capacity 13418K, committed 13696K, reserved 1060864K
  class space    used 1726K, capacity 1840K, committed 1920K, reserved 1048576K
}
Event: 7.302 GC heap before
{Heap before GC invocations=3 (full 0):
 PSYoungGen      total 38400K, used 38380K [0x00000000eab00000, 0x00000000ed580000, 0x0000000100000000)
  eden space 33280K, 100% used [0x00000000eab00000,0x00000000ecb80000,0x00000000ecb80000)
  from space 5120K, 99% used [0x00000000ed080000,0x00000000ed57b070,0x00000000ed580000)
  to   space 5120K, 0% used [0x00000000ecb80000,0x00000000ecb80000,0x00000000ed080000)
 ParOldGen       total 87552K, used 1211K [0x00000000c0000000, 0x00000000c5580000, 0x00000000eab00000)
  object space 87552K, 1% used [0x00000000c0000000,0x00000000c012ee48,0x00000000c5580000)
 Metaspace       used 16439K, capacity 16792K, committed 17024K, reserved 1064960K
  class space    used 2285K, capacity 2401K, committed 2432K, reserved 1048576K
Event: 7.326 GC heap after
Heap after GC invocations=3 (full 0):
 PSYoungGen      total 38400K, used 5096K [0x00000000eab00000, 0x00000000ed580000, 0x0000000100000000)
  eden space 33280K, 0% used [0x00000000eab00000,0x00000000eab00000,0x00000000ecb80000)
  from space 5120K, 99% used [0x00000000ecb80000,0x00000000ed07a040,0x00000000ed080000)
  to   space 5120K, 0% used [0x00000000ed080000,0x00000000ed080000,0x00000000ed580000)
 ParOldGen       total 87552K, used 4226K [0x00000000c0000000, 0x00000000c5580000, 0x00000000eab00000)
  object space 87552K, 4% used [0x00000000c0000000,0x00000000c0420a20,0x00000000c5580000)
 Metaspace       used 16439K, capacity 16792K, committed 17024K, reserved 1064960K
  class space    used 2285K, capacity 2401K, committed 2432K, reserved 1048576K
}
Event: 9.408 GC heap before
{Heap before GC invocations=4 (full 0):
 PSYoungGen      total 38400K, used 29109K [0x00000000eab00000, 0x00000000ed580000, 0x0000000100000000)
  eden space 33280K, 72% used [0x00000000eab00000,0x00000000ec2735d0,0x00000000ecb80000)
  from space 5120K, 99% used [0x00000000ecb80000,0x00000000ed07a040,0x00000000ed080000)
  to   space 5120K, 0% used [0x00000000ed080000,0x00000000ed080000,0x00000000ed580000)
 ParOldGen       total 87552K, used 4226K [0x00000000c0000000, 0x00000000c5580000, 0x00000000eab00000)
  object space 87552K, 4% used [0x00000000c0000000,0x00000000c0420a20,0x00000000c5580000)
 Metaspace       used 20745K, capacity 21124K, committed 21248K, reserved 1067008K
  class space    used 2802K, capacity 2949K, committed 3072K, reserved 1048576K
Event: 9.433 GC heap after
Heap after GC invocations=4 (full 0):
 PSYoungGen      total 38400K, used 5096K [0x00000000eab00000, 0x00000000ed580000, 0x0000000100000000)
  eden space 33280K, 0% used [0x00000000eab00000,0x00000000eab00000,0x00000000ecb80000)
  from space 5120K, 99% used [0x00000000ed080000,0x00000000ed57a040,0x00000000ed580000)
  to   space 5120K, 0% used [0x00000000ecb80000,0x00000000ecb80000,0x00000000ed080000)
 ParOldGen       total 87552K, used 9041K [0x00000000c0000000, 0x00000000c5580000, 0x00000000eab00000)
  object space 87552K, 10% used [0x00000000c0000000,0x00000000c08d4648,0x00000000c5580000)
 Metaspace       used 20745K, capacity 21124K, committed 21248K, reserved 1067008K
  class space    used 2802K, capacity 2949K, committed 3072K, reserved 1048576K
}
Event: 9.433 GC heap before
{Heap before GC invocations=5 (full 1):
 PSYoungGen      total 38400K, used 5096K [0x00000000eab00000, 0x00000000ed580000, 0x0000000100000000)
  eden space 33280K, 0% used [0x00000000eab00000,0x00000000eab00000,0x00000000ecb80000)
  from space 5120K, 99% used [0x00000000ed080000,0x00000000ed57a040,0x00000000ed580000)
  to   space 5120K, 0% used [0x00000000ecb80000,0x00000000ecb80000,0x00000000ed080000)
 ParOldGen       total 87552K, used 9041K [0x00000000c0000000, 0x00000000c5580000, 0x00000000eab00000)
  object space 87552K, 10% used [0x00000000c0000000,0x00000000c08d4648,0x00000000c5580000)
 Metaspace       used 20745K, capacity 21124K, committed 21248K, reserved 1067008K
  class space    used 2802K, capacity 2949K, committed 3072K, reserved 1048576K
Event: 9.558 GC heap after
Heap after GC invocations=5 (full 1):
 PSYoungGen      total 38400K, used 0K [0x00000000eab00000, 0x00000000ed580000, 0x0000000100000000)
  eden space 33280K, 0% used [0x00000000eab00000,0x00000000eab00000,0x00000000ecb80000)
  from space 5120K, 0% used [0x00000000ed080000,0x00000000ed080000,0x00000000ed580000)
  to   space 5120K, 0% used [0x00000000ecb80000,0x00000000ecb80000,0x00000000ed080000)
 ParOldGen       total 68096K, used 9787K [0x00000000c0000000, 0x00000000c4280000, 0x00000000eab00000)
  object space 68096K, 14% used [0x00000000c0000000,0x00000000c098edc0,0x00000000c4280000)
 Metaspace       used 20745K, capacity 21124K, committed 21248K, reserved 1067008K
  class space    used 2802K, capacity 2949K, committed 3072K, reserved 1048576K
}
Event: 11.817 GC heap before
{Heap before GC invocations=6 (full 1):
 PSYoungGen      total 38400K, used 33280K [0x00000000eab00000, 0x00000000ed580000, 0x0000000100000000)
  eden space 33280K, 100% used [0x00000000eab00000,0x00000000ecb80000,0x00000000ecb80000)
  from space 5120K, 0% used [0x00000000ed080000,0x00000000ed080000,0x00000000ed580000)
  to   space 5120K, 0% used [0x00000000ecb80000,0x00000000ecb80000,0x00000000ed080000)
 ParOldGen       total 68096K, used 9787K [0x00000000c0000000, 0x00000000c4280000, 0x00000000eab00000)
  object space 68096K, 14% used [0x00000000c0000000,0x00000000c098edc0,0x00000000c4280000)
 Metaspace       used 24185K, capacity 24608K, committed 24704K, reserved 1071104K
  class space    used 3262K, capacity 3396K, committed 3456K, reserved 1048576K
Event: 11.847 GC heap after
Heap after GC invocations=6 (full 1):
 PSYoungGen      total 38400K, used 5109K [0x00000000eab00000, 0x00000000ef080000, 0x0000000100000000)
  eden space 33280K, 0% used [0x00000000eab00000,0x00000000eab00000,0x00000000ecb80000)
  from space 5120K, 99% used [0x00000000ecb80000,0x00000000ed07d6e0,0x00000000ed080000)
  to   space 11264K, 0% used [0x00000000ee580000,0x00000000ee580000,0x00000000ef080000)
 ParOldGen       total 68096K, used 9992K [0x00000000c0000000, 0x00000000c4280000, 0x00000000eab00000)
  object space 68096K, 14% used [0x00000000c0000000,0x00000000c09c2198,0x00000000c4280000)
 Metaspace       used 24185K, capacity 24608K, committed 24704K, reserved 1071104K
  class space    used 3262K, capacity 3396K, committed 3456K, reserved 1048576K
}

