# JRE version: Java(TM) SE Runtime Environment (8.0_60-b27) (build 1.8.0_60-b27)
# Java VM: Java HotSpot(TM) 64-Bit Server VM (25.60-b23 mixed mode windows-amd64 compressed oops)
Heap:
 PSYoungGen      total 236032K, used 134076K [0x00000000eab00000, 0x0000000100000000, 0x0000000100000000)
  eden space 169984K, 78% used [0x00000000eab00000,0x00000000f2def210,0x00000000f5100000)
  from space 66048K, 0% used [0x00000000fbf80000,0x00000000fbf80000,0x0000000100000000)
  to   space 89600K, 0% used [0x00000000f5100000,0x00000000f5100000,0x00000000fa880000)
 ParOldGen       total 158720K, used 45056K [0x00000000c0000000, 0x00000000c9b00000, 0x00000000eab00000)
  object space 158720K, 28% used [0x00000000c0000000,0x00000000c2c003b0,0x00000000c9b00000)
 Metaspace       used 66489K, capacity 68632K, committed 70360K, reserved 1110016K
  class space    used 8482K, capacity 8936K, committed 9216K, reserved 1048576K
GC Heap History (10 events):
Event: 55.933 GC heap before
{Heap before GC invocations=16 (full 3):
 PSYoungGen      total 199168K, used 178176K [0x00000000eab00000, 0x00000000f8300000, 0x0000000100000000)
  eden space 178176K, 100% used [0x00000000eab00000,0x00000000f5900000,0x00000000f5900000)
  from space 20992K, 0% used [0x00000000f6e00000,0x00000000f6e00000,0x00000000f8280000)
  to   space 21504K, 0% used [0x00000000f5900000,0x00000000f5900000,0x00000000f6e00000)
 ParOldGen       total 158720K, used 35691K [0x00000000c0000000, 0x00000000c9b00000, 0x00000000eab00000)
  object space 158720K, 22% used [0x00000000c0000000,0x00000000c22dae10,0x00000000c9b00000)
 Metaspace       used 61618K, capacity 63294K, committed 63320K, reserved 1103872K
  class space    used 8194K, capacity 8551K, committed 8576K, reserved 1048576K
Event: 56.041 GC heap after
Heap after GC invocations=16 (full 3):
 PSYoungGen      total 199680K, used 21492K [0x00000000eab00000, 0x00000000fc200000, 0x0000000100000000)
  eden space 178176K, 0% used [0x00000000eab00000,0x00000000eab00000,0x00000000f5900000)
  from space 21504K, 99% used [0x00000000f5900000,0x00000000f6dfd1f8,0x00000000f6e00000)
  to   space 35840K, 0% used [0x00000000f9f00000,0x00000000f9f00000,0x00000000fc200000)
 ParOldGen       total 158720K, used 66864K [0x00000000c0000000, 0x00000000c9b00000, 0x00000000eab00000)
  object space 158720K, 42% used [0x00000000c0000000,0x00000000c414c350,0x00000000c9b00000)
 Metaspace       used 61618K, capacity 63294K, committed 63320K, reserved 1103872K
  class space    used 8194K, capacity 8551K, committed 8576K, reserved 1048576K
}
Event: 96.966 GC heap before
{Heap before GC invocations=17 (full 3):
 PSYoungGen      total 199680K, used 199668K [0x00000000eab00000, 0x00000000fc200000, 0x0000000100000000)
  eden space 178176K, 100% used [0x00000000eab00000,0x00000000f5900000,0x00000000f5900000)
  from space 21504K, 99% used [0x00000000f5900000,0x00000000f6dfd1f8,0x00000000f6e00000)
  to   space 35840K, 0% used [0x00000000f9f00000,0x00000000f9f00000,0x00000000fc200000)
 ParOldGen       total 158720K, used 66864K [0x00000000c0000000, 0x00000000c9b00000, 0x00000000eab00000)
  object space 158720K, 42% used [0x00000000c0000000,0x00000000c414c350,0x00000000c9b00000)
 Metaspace       used 65206K, capacity 67060K, committed 67288K, reserved 1107968K
  class space    used 8435K, capacity 8848K, committed 8960K, reserved 1048576K
Event: 97.236 GC heap after
Heap after GC invocations=17 (full 3):
 PSYoungGen      total 237056K, used 35826K [0x00000000eab00000, 0x00000000fd880000, 0x0000000100000000)
  eden space 201216K, 0% used [0x00000000eab00000,0x00000000eab00000,0x00000000f6f80000)
  from space 35840K, 99% used [0x00000000f9f00000,0x00000000fc1fc830,0x00000000fc200000)
  to   space 48640K, 0% used [0x00000000f6f80000,0x00000000f6f80000,0x00000000f9f00000)
 ParOldGen       total 158720K, used 86571K [0x00000000c0000000, 0x00000000c9b00000, 0x00000000eab00000)
  object space 158720K, 54% used [0x00000000c0000000,0x00000000c548ac68,0x00000000c9b00000)
 Metaspace       used 65206K, capacity 67060K, committed 67288K, reserved 1107968K
  class space    used 8435K, capacity 8848K, committed 8960K, reserved 1048576K
}
Event: 152.529 GC heap before
{Heap before GC invocations=18 (full 3):
 PSYoungGen      total 237056K, used 237042K [0x00000000eab00000, 0x00000000fd880000, 0x0000000100000000)
  eden space 201216K, 100% used [0x00000000eab00000,0x00000000f6f80000,0x00000000f6f80000)
  from space 35840K, 99% used [0x00000000f9f00000,0x00000000fc1fc830,0x00000000fc200000)
  to   space 48640K, 0% used [0x00000000f6f80000,0x00000000f6f80000,0x00000000f9f00000)
 ParOldGen       total 158720K, used 86571K [0x00000000c0000000, 0x00000000c9b00000, 0x00000000eab00000)
  object space 158720K, 54% used [0x00000000c0000000,0x00000000c548ac68,0x00000000c9b00000)
 Metaspace       used 66575K, capacity 68478K, committed 68696K, reserved 1110016K
  class space    used 8522K, capacity 8965K, committed 9088K, reserved 1048576K
Event: 152.726 GC heap after
Heap after GC invocations=18 (full 3):
 PSYoungGen      total 249856K, used 48626K [0x00000000eab00000, 0x0000000100000000, 0x0000000100000000)
  eden space 201216K, 0% used [0x00000000eab00000,0x00000000eab00000,0x00000000f6f80000)
  from space 48640K, 99% used [0x00000000f6f80000,0x00000000f9efcb08,0x00000000f9f00000)
  to   space 66048K, 0% used [0x00000000fbf80000,0x00000000fbf80000,0x0000000100000000)
 ParOldGen       total 158720K, used 112215K [0x00000000c0000000, 0x00000000c9b00000, 0x00000000eab00000)
  object space 158720K, 70% used [0x00000000c0000000,0x00000000c6d95c10,0x00000000c9b00000)
 Metaspace       used 66575K, capacity 68478K, committed 68696K, reserved 1110016K
  class space    used 8522K, capacity 8965K, committed 9088K, reserved 1048576K
}
Event: 162.056 GC heap before
{Heap before GC invocations=19 (full 3):
 PSYoungGen      total 249856K, used 249842K [0x00000000eab00000, 0x0000000100000000, 0x0000000100000000)
  eden space 201216K, 100% used [0x00000000eab00000,0x00000000f6f80000,0x00000000f6f80000)
  from space 48640K, 99% used [0x00000000f6f80000,0x00000000f9efcb08,0x00000000f9f00000)
  to   space 66048K, 0% used [0x00000000fbf80000,0x00000000fbf80000,0x0000000100000000)
 ParOldGen       total 158720K, used 112215K [0x00000000c0000000, 0x00000000c9b00000, 0x00000000eab00000)
  object space 158720K, 70% used [0x00000000c0000000,0x00000000c6d95c10,0x00000000c9b00000)
 Metaspace       used 67493K, capacity 69430K, committed 69464K, reserved 1110016K
  class space    used 8605K, capacity 9071K, committed 9088K, reserved 1048576K
Event: 162.299 GC heap after
Heap after GC invocations=19 (full 3):
 PSYoungGen      total 236032K, used 66020K [0x00000000eab00000, 0x0000000100000000, 0x0000000100000000)
  eden space 169984K, 0% used [0x00000000eab00000,0x00000000eab00000,0x00000000f5100000)
  from space 66048K, 99% used [0x00000000fbf80000,0x00000000ffff9100,0x0000000100000000)
  to   space 89600K, 0% used [0x00000000f5100000,0x00000000f5100000,0x00000000fa880000)
 ParOldGen       total 158720K, used 145737K [0x00000000c0000000, 0x00000000c9b00000, 0x00000000eab00000)
  object space 158720K, 91% used [0x00000000c0000000,0x00000000c8e52680,0x00000000c9b00000)
 Metaspace       used 67493K, capacity 69430K, committed 69464K, reserved 1110016K
  class space    used 8605K, capacity 9071K, committed 9088K, reserved 1048576K
}
Event: 162.299 GC heap before
{Heap before GC invocations=20 (full 4):
 PSYoungGen      total 236032K, used 66020K [0x00000000eab00000, 0x0000000100000000, 0x0000000100000000)
  eden space 169984K, 0% used [0x00000000eab00000,0x00000000eab00000,0x00000000f5100000)
  from space 66048K, 99% used [0x00000000fbf80000,0x00000000ffff9100,0x0000000100000000)
  to   space 89600K, 0% used [0x00000000f5100000,0x00000000f5100000,0x00000000fa880000)
 ParOldGen       total 158720K, used 145737K [0x00000000c0000000, 0x00000000c9b00000, 0x00000000eab00000)
  object space 158720K, 91% used [0x00000000c0000000,0x00000000c8e52680,0x00000000c9b00000)
 Metaspace       used 67493K, capacity 69430K, committed 69464K, reserved 1110016K
  class space    used 8605K, capacity 9071K, committed 9088K, reserved 1048576K
Event: 162.639 GC heap after
Heap after GC invocations=20 (full 4):
 PSYoungGen      total 236032K, used 0K [0x00000000eab00000, 0x0000000100000000, 0x0000000100000000)
  eden space 169984K, 0% used [0x00000000eab00000,0x00000000eab00000,0x00000000f5100000)
  from space 66048K, 0% used [0x00000000fbf80000,0x00000000fbf80000,0x0000000100000000)
  to   space 89600K, 0% used [0x00000000f5100000,0x00000000f5100000,0x00000000fa880000)
 ParOldGen       total 158720K, used 45056K [0x00000000c0000000, 0x00000000c9b00000, 0x00000000eab00000)
  object space 158720K, 28% used [0x00000000c0000000,0x00000000c2c003b0,0x00000000c9b00000)
 Metaspace       used 65238K, capacity 66976K, committed 69464K, reserved 1110016K
  class space    used 8363K, capacity 8756K, committed 9088K, reserved 1048576K
}

