# JRE version: OpenJDK Runtime Environment (8.0_76-b03) (build 1.8.0_76-release-b03)
# Java VM: OpenJDK 64-Bit Server VM (25.76-b03 mixed mode windows-amd64 compressed oops)
Heap:
 PSYoungGen      total 79360K, used 51773K [0x00000000eab00000, 0x00000000f0580000, 0x0000000100000000)
  eden space 69120K, 74% used [0x00000000eab00000,0x00000000edd8f540,0x00000000eee80000)
  from space 10240K, 0% used [0x00000000efa00000,0x00000000efa00000,0x00000000f0400000)
  to   space 11776K, 0% used [0x00000000eee80000,0x00000000eee80000,0x00000000efa00000)
 ParOldGen       total 68096K, used 17760K [0x00000000c0000000, 0x00000000c4280000, 0x00000000eab00000)
  object space 68096K, 26% used [0x00000000c0000000,0x00000000c11580f0,0x00000000c4280000)
 Metaspace       used 37565K, capacity 38216K, committed 38528K, reserved 1083392K
  class space    used 4956K, capacity 5142K, committed 5248K, reserved 1048576K
GC Heap History (10 events):
Event: 15.088 GC heap before
{Heap before GC invocations=6 (full 1):
 PSYoungGen      total 38400K, used 33280K [0x00000000eab00000, 0x00000000ed580000, 0x0000000100000000)
  eden space 33280K, 100% used [0x00000000eab00000,0x00000000ecb80000,0x00000000ecb80000)
  from space 5120K, 0% used [0x00000000ed080000,0x00000000ed080000,0x00000000ed580000)
  to   space 5120K, 0% used [0x00000000ecb80000,0x00000000ecb80000,0x00000000ed080000)
 ParOldGen       total 68096K, used 9808K [0x00000000c0000000, 0x00000000c4280000, 0x00000000eab00000)
  object space 68096K, 14% used [0x00000000c0000000,0x00000000c0994048,0x00000000c4280000)
 Metaspace       used 24197K, capacity 24632K, committed 24704K, reserved 1071104K
  class space    used 3270K, capacity 3428K, committed 3456K, reserved 1048576K
Event: 15.108 GC heap after
Heap after GC invocations=6 (full 1):
 PSYoungGen      total 38400K, used 5110K [0x00000000eab00000, 0x00000000eef80000, 0x0000000100000000)
  eden space 33280K, 0% used [0x00000000eab00000,0x00000000eab00000,0x00000000ecb80000)
  from space 5120K, 99% used [0x00000000ecb80000,0x00000000ed07d9a8,0x00000000ed080000)
  to   space 11264K, 0% used [0x00000000ee480000,0x00000000ee480000,0x00000000eef80000)
 ParOldGen       total 68096K, used 9976K [0x00000000c0000000, 0x00000000c4280000, 0x00000000eab00000)
  object space 68096K, 14% used [0x00000000c0000000,0x00000000c09be248,0x00000000c4280000)
 Metaspace       used 24197K, capacity 24632K, committed 24704K, reserved 1071104K
  class space    used 3270K, capacity 3428K, committed 3456K, reserved 1048576K
}
Event: 16.702 GC heap before
{Heap before GC invocations=7 (full 1):
 PSYoungGen      total 38400K, used 38390K [0x00000000eab00000, 0x00000000eef80000, 0x0000000100000000)
  eden space 33280K, 100% used [0x00000000eab00000,0x00000000ecb80000,0x00000000ecb80000)
  from space 5120K, 99% used [0x00000000ecb80000,0x00000000ed07d9a8,0x00000000ed080000)
  to   space 11264K, 0% used [0x00000000ee480000,0x00000000ee480000,0x00000000eef80000)
 ParOldGen       total 68096K, used 9976K [0x00000000c0000000, 0x00000000c4280000, 0x00000000eab00000)
  object space 68096K, 14% used [0x00000000c0000000,0x00000000c09be248,0x00000000c4280000)
 Metaspace       used 26355K, capacity 27000K, committed 27136K, reserved 1073152K
  class space    used 3641K, capacity 3829K, committed 3840K, reserved 1048576K
Event: 16.719 GC heap after
Heap after GC invocations=7 (full 1):
 PSYoungGen      total 59392K, used 5906K [0x00000000eab00000, 0x00000000eef80000, 0x0000000100000000)
  eden space 48128K, 0% used [0x00000000eab00000,0x00000000eab00000,0x00000000eda00000)
  from space 11264K, 52% used [0x00000000ee480000,0x00000000eea44930,0x00000000eef80000)
  to   space 10752K, 0% used [0x00000000eda00000,0x00000000eda00000,0x00000000ee480000)
 ParOldGen       total 68096K, used 9976K [0x00000000c0000000, 0x00000000c4280000, 0x00000000eab00000)
  object space 68096K, 14% used [0x00000000c0000000,0x00000000c09be248,0x00000000c4280000)
 Metaspace       used 26355K, capacity 27000K, committed 27136K, reserved 1073152K
  class space    used 3641K, capacity 3829K, committed 3840K, reserved 1048576K
}
Event: 19.896 GC heap before
{Heap before GC invocations=8 (full 1):
 PSYoungGen      total 59392K, used 54034K [0x00000000eab00000, 0x00000000eef80000, 0x0000000100000000)
  eden space 48128K, 100% used [0x00000000eab00000,0x00000000eda00000,0x00000000eda00000)
  from space 11264K, 52% used [0x00000000ee480000,0x00000000eea44930,0x00000000eef80000)
  to   space 10752K, 0% used [0x00000000eda00000,0x00000000eda00000,0x00000000ee480000)
 ParOldGen       total 68096K, used 9976K [0x00000000c0000000, 0x00000000c4280000, 0x00000000eab00000)
  object space 68096K, 14% used [0x00000000c0000000,0x00000000c09be248,0x00000000c4280000)
 Metaspace       used 29618K, capacity 30332K, committed 30592K, reserved 1075200K
  class space    used 4035K, capacity 4217K, committed 4224K, reserved 1048576K
Event: 19.929 GC heap after
Heap after GC invocations=8 (full 1):
 PSYoungGen      total 58880K, used 6940K [0x00000000eab00000, 0x00000000f0400000, 0x0000000100000000)
  eden space 48128K, 0% used [0x00000000eab00000,0x00000000eab00000,0x00000000eda00000)
  from space 10752K, 64% used [0x00000000eda00000,0x00000000ee0c73f0,0x00000000ee480000)
  to   space 10240K, 0% used [0x00000000efa00000,0x00000000efa00000,0x00000000f0400000)
 ParOldGen       total 68096K, used 9984K [0x00000000c0000000, 0x00000000c4280000, 0x00000000eab00000)
  object space 68096K, 14% used [0x00000000c0000000,0x00000000c09c0248,0x00000000c4280000)
 Metaspace       used 29618K, capacity 30332K, committed 30592K, reserved 1075200K
  class space    used 4035K, capacity 4217K, committed 4224K, reserved 1048576K
}
Event: 28.496 GC heap before
{Heap before GC invocations=9 (full 1):
 PSYoungGen      total 58880K, used 54416K [0x00000000eab00000, 0x00000000f0400000, 0x0000000100000000)
  eden space 48128K, 98% used [0x00000000eab00000,0x00000000ed95cf70,0x00000000eda00000)
  from space 10752K, 64% used [0x00000000eda00000,0x00000000ee0c73f0,0x00000000ee480000)
  to   space 10240K, 0% used [0x00000000efa00000,0x00000000efa00000,0x00000000f0400000)
 ParOldGen       total 68096K, used 9984K [0x00000000c0000000, 0x00000000c4280000, 0x00000000eab00000)
  object space 68096K, 14% used [0x00000000c0000000,0x00000000c09c0248,0x00000000c4280000)
 Metaspace       used 34557K, capacity 35302K, committed 35416K, reserved 1079296K
  class space    used 4593K, capacity 4809K, committed 4864K, reserved 1048576K
Event: 28.538 GC heap after
Heap after GC invocations=9 (full 1):
 PSYoungGen      total 79360K, used 10221K [0x00000000eab00000, 0x00000000f0580000, 0x0000000100000000)
  eden space 69120K, 0% used [0x00000000eab00000,0x00000000eab00000,0x00000000eee80000)
  from space 10240K, 99% used [0x00000000efa00000,0x00000000f03fb520,0x00000000f0400000)
  to   space 11776K, 0% used [0x00000000eee80000,0x00000000eee80000,0x00000000efa00000)
 ParOldGen       total 68096K, used 10958K [0x00000000c0000000, 0x00000000c4280000, 0x00000000eab00000)
  object space 68096K, 16% used [0x00000000c0000000,0x00000000c0ab3928,0x00000000c4280000)
 Metaspace       used 34557K, capacity 35302K, committed 35416K, reserved 1079296K
  class space    used 4593K, capacity 4809K, committed 4864K, reserved 1048576K
}
Event: 28.538 GC heap before
{Heap before GC invocations=10 (full 2):
 PSYoungGen      total 79360K, used 10221K [0x00000000eab00000, 0x00000000f0580000, 0x0000000100000000)
  eden space 69120K, 0% used [0x00000000eab00000,0x00000000eab00000,0x00000000eee80000)
  from space 10240K, 99% used [0x00000000efa00000,0x00000000f03fb520,0x00000000f0400000)
  to   space 11776K, 0% used [0x00000000eee80000,0x00000000eee80000,0x00000000efa00000)
 ParOldGen       total 68096K, used 10958K [0x00000000c0000000, 0x00000000c4280000, 0x00000000eab00000)
  object space 68096K, 16% used [0x00000000c0000000,0x00000000c0ab3928,0x00000000c4280000)
 Metaspace       used 34557K, capacity 35302K, committed 35416K, reserved 1079296K
  class space    used 4593K, capacity 4809K, committed 4864K, reserved 1048576K
Event: 28.852 GC heap after
Heap after GC invocations=10 (full 2):
 PSYoungGen      total 79360K, used 0K [0x00000000eab00000, 0x00000000f0580000, 0x0000000100000000)
  eden space 69120K, 0% used [0x00000000eab00000,0x00000000eab00000,0x00000000eee80000)
  from space 10240K, 0% used [0x00000000efa00000,0x00000000efa00000,0x00000000f0400000)
  to   space 11776K, 0% used [0x00000000eee80000,0x00000000eee80000,0x00000000efa00000)
 ParOldGen       total 68096K, used 17760K [0x00000000c0000000, 0x00000000c4280000, 0x00000000eab00000)
  object space 68096K, 26% used [0x00000000c0000000,0x00000000c11580f0,0x00000000c4280000)
 Metaspace       used 34533K, capacity 35214K, committed 35416K, reserved 1079296K
  class space    used 4586K, capacity 4801K, committed 4864K, reserved 1048576K
}

